<?xml version="1.0" encoding="UTF-8"?>
<!-- Generated by org.testng.reporters.JUnitXMLReporter -->
<testsuite hostname="computer" ignored="0" name="B" tests="3" failures="0" timestamp="09 Jul 2018 11:20:00 GMT" time="11.282" errors="0">
  <testcase name="testLoginB" time="0.016" classname="com.uiFramework.B">
    <skipped/>
  </testcase> <!-- testLoginB -->
  <testcase name="testLoginB" time="0.007" classname="com.uiFramework.B">
    <skipped/>
  </testcase> <!-- testLoginB -->
  <testcase name="testLoginB" time="0.008" classname="com.uiFramework.B"/>
</testsuite> <!-- B -->
