<?xml version="1.0" encoding="UTF-8"?>
<!-- Generated by org.testng.reporters.JUnitXMLReporter -->
<testsuite hostname="computer" ignored="0" name="C" tests="4" failures="1" timestamp="09 Jul 2018 11:20:09 GMT" time="9.244" errors="0">
  <testcase name="testLoginC" time="0.008" classname="com.uiFramework.C">
    <skipped/>
  </testcase> <!-- testLoginC -->
  <testcase name="testLoginC" time="0.018" classname="com.uiFramework.C">
    <skipped/>
  </testcase> <!-- testLoginC -->
  <testcase name="testLoginC" time="0.009" classname="com.uiFramework.C">
    <skipped/>
  </testcase> <!-- testLoginC -->
  <testcase name="testLoginC" time="0.005" classname="com.uiFramework.C">
    <failure type="java.lang.AssertionError" message="expected [true] but found [false]">
      <![CDATA[java.lang.AssertionError: expected [true] but found [false]
at com.uiFramework.C.testLoginC(C.java:16)
... Removed 29 stack frames]]>
    </failure>
  </testcase> <!-- testLoginC -->
</testsuite> <!-- C -->
