<?xml version="1.0" encoding="UTF-8"?>
<testng-results skipped="0" failed="0" ignored="0" total="7" passed="7">
  <reporter-output>
  </reporter-output>
  <suite name="Default suite" duration-ms="4619" started-at="2018-10-23T18:33:04Z" finished-at="2018-10-23T18:33:08Z">
    <groups>
    </groups>
    <test name="Default test" duration-ms="4619" started-at="2018-10-23T18:33:04Z" finished-at="2018-10-23T18:33:08Z">
      <class name="Omair">
        <test-method status="PASS" signature="getExcelData(java.util.Map)[pri:0, instance:Omair@1753acfe]" name="getExcelData" duration-ms="68" started-at="2018-10-23T18:33:08Z" data-provider="getData" finished-at="2018-10-23T18:33:08Z">
          <params>
            <param index="0">
              <value>
                <![CDATA[{userName=karen, password=yeswecan}]]>
              </value>
            </param>
          </params>
          <reporter-output>
          </reporter-output>
        </test-method> <!-- getExcelData -->
        <test-method status="PASS" signature="getExcelData(java.util.Map)[pri:0, instance:Omair@1753acfe]" name="getExcelData" duration-ms="50" started-at="2018-10-23T18:33:08Z" data-provider="getData" finished-at="2018-10-23T18:33:08Z">
          <params>
            <param index="0">
              <value>
                <![CDATA[{userName=Smith, password=likeable}]]>
              </value>
            </param>
          </params>
          <reporter-output>
          </reporter-output>
        </test-method> <!-- getExcelData -->
        <test-method status="PASS" signature="getExcelData(java.util.Map)[pri:0, instance:Omair@1753acfe]" name="getExcelData" duration-ms="29" started-at="2018-10-23T18:33:08Z" data-provider="getData" finished-at="2018-10-23T18:33:08Z">
          <params>
            <param index="0">
              <value>
                <![CDATA[{userName=John , password=waldo}]]>
              </value>
            </param>
          </params>
          <reporter-output>
          </reporter-output>
        </test-method> <!-- getExcelData -->
        <test-method status="PASS" signature="getExcelData(java.util.Map)[pri:0, instance:Omair@1753acfe]" name="getExcelData" duration-ms="11" started-at="2018-10-23T18:33:08Z" data-provider="getData" finished-at="2018-10-23T18:33:08Z">
          <params>
            <param index="0">
              <value>
                <![CDATA[{userName=David, password=really}]]>
              </value>
            </param>
          </params>
          <reporter-output>
          </reporter-output>
        </test-method> <!-- getExcelData -->
        <test-method status="PASS" signature="getExcelData(java.util.Map)[pri:0, instance:Omair@1753acfe]" name="getExcelData" duration-ms="48" started-at="2018-10-23T18:33:08Z" data-provider="getData" finished-at="2018-10-23T18:33:08Z">
          <params>
            <param index="0">
              <value>
                <![CDATA[{userName=James, password=whoishe}]]>
              </value>
            </param>
          </params>
          <reporter-output>
          </reporter-output>
        </test-method> <!-- getExcelData -->
        <test-method status="PASS" signature="getExcelData(java.util.Map)[pri:0, instance:Omair@1753acfe]" name="getExcelData" duration-ms="19" started-at="2018-10-23T18:33:08Z" data-provider="getData" finished-at="2018-10-23T18:33:08Z">
          <params>
            <param index="0">
              <value>
                <![CDATA[{userName=ross, password=damn}]]>
              </value>
            </param>
          </params>
          <reporter-output>
          </reporter-output>
        </test-method> <!-- getExcelData -->
        <test-method status="PASS" signature="getExcelData(java.util.Map)[pri:0, instance:Omair@1753acfe]" name="getExcelData" duration-ms="13" started-at="2018-10-23T18:33:08Z" data-provider="getData" finished-at="2018-10-23T18:33:08Z">
          <params>
            <param index="0">
              <value>
                <![CDATA[{userName=ronnie, password=flower}]]>
              </value>
            </param>
          </params>
          <reporter-output>
          </reporter-output>
        </test-method> <!-- getExcelData -->
      </class> <!-- Omair -->
    </test> <!-- Default test -->
  </suite> <!-- Default suite -->
</testng-results>
